{"/home/jean/Documents/Microverse/Module2/capstone-javascript/Capstone-javascript/Capstone-javascript/src/comment-count.js": {"path":"/home/jean/Documents/Microverse/Module2/capstone-javascript/Capstone-javascript/Capstone-javascript/src/comment-count.js","statementMap":{"0":{"start":{"line":1,"column":22},"end":{"line":1,"column":48}},"1":{"start":{"line":1,"column":32},"end":{"line":1,"column":48}}},"fnMap":{"0":{"name":"(anonymous_0)","decl":{"start":{"line":1,"column":22},"end":{"line":1,"column":23}},"loc":{"start":{"line":1,"column":32},"end":{"line":1,"column":48}},"line":1}},"branchMap":{"0":{"loc":{"start":{"line":1,"column":32},"end":{"line":1,"column":48}},"type":"binary-expr","locations":[{"start":{"line":1,"column":32},"end":{"line":1,"column":43}},{"start":{"line":1,"column":47},"end":{"line":1,"column":48}}],"line":1}},"s":{"0":1,"1":1},"f":{"0":1},"b":{"0":[1,0]},"_coverageSchema":"1a1c01bbd47fc00a2c39e90264f33305004495a9","hash":"a479c99ebf901cd5e0e4ebce31df4c938d99f555"}
,"/home/jean/Documents/Microverse/Module2/capstone-javascript/Capstone-javascript/Capstone-javascript/src/showsCounter.js": {"path":"/home/jean/Documents/Microverse/Module2/capstone-javascript/Capstone-javascript/Capstone-javascript/src/showsCounter.js","statementMap":{"0":{"start":{"line":1,"column":19},"end":{"line":9,"column":3}},"1":{"start":{"line":2,"column":4},"end":{"line":4,"column":5}},"2":{"start":{"line":3,"column":6},"end":{"line":3,"column":37}},"3":{"start":{"line":4,"column":6},"end":{"line":6,"column":5}},"4":{"start":{"line":5,"column":6},"end":{"line":5,"column":53}},"5":{"start":{"line":8,"column":4},"end":{"line":8,"column":24}}},"fnMap":{"0":{"name":"(anonymous_0)","decl":{"start":{"line":1,"column":19},"end":{"line":1,"column":20}},"loc":{"start":{"line":1,"column":30},"end":{"line":9,"column":3}},"line":1}},"branchMap":{"0":{"loc":{"start":{"line":2,"column":4},"end":{"line":4,"column":5}},"type":"if","locations":[{"start":{"line":2,"column":4},"end":{"line":4,"column":5}},{"start":{},"end":{}}],"line":2},"1":{"loc":{"start":{"line":4,"column":6},"end":{"line":6,"column":5}},"type":"if","locations":[{"start":{"line":4,"column":6},"end":{"line":6,"column":5}},{"start":{},"end":{}}],"line":4}},"s":{"0":1,"1":3,"2":1,"3":2,"4":1,"5":1},"f":{"0":3},"b":{"0":[1,2],"1":[1,1]},"_coverageSchema":"1a1c01bbd47fc00a2c39e90264f33305004495a9","hash":"97be78579ff55744c3143b5747b935189d6ec939"}
}
